<?xml version="1.0" encoding="UTF-8" standalone="no"?>
<testsuite failures="1" name="cucumber.runtime.formatter.JUnitFormatter" skipped="0" tests="1" time="5.084131">
    <testcase classname="To Validate the account creation of Amazon application." name="To Create new account." time="5.084131">
        <failure message="java.lang.ExceptionInInitializerError&#13;&#10;&#9;at io.github.bonigarcia.wdm.config.Config.defaultOsName(Config.java:346)&#13;&#10;&#9;at io.github.bonigarcia.wdm.config.Config.&lt;init&gt;(Config.java:103)&#13;&#10;&#9;at io.github.bonigarcia.wdm.WebDriverManager.&lt;init&gt;(WebDriverManager.java:189)&#13;&#10;&#9;at io.github.bonigarcia.wdm.managers.ChromeDriverManager.&lt;init&gt;(ChromeDriverManager.java:47)&#13;&#10;&#9;at io.github.bonigarcia.wdm.WebDriverManager.chromedriver(WebDriverManager.java:204)&#13;&#10;&#9;at org.base.BaseClass.launchBrowser(BaseClass.java:15)&#13;&#10;&#9;at org.stepdefinition.HookClass.precondition2(HookClass.java:16)&#13;&#10;&#9;at java.base/jdk.internal.reflect.DirectMethodHandleAccessor.invoke(DirectMethodHandleAccessor.java:104)&#13;&#10;&#9;at java.base/java.lang.reflect.Method.invoke(Method.java:578)&#13;&#10;&#9;at cucumber.runtime.Utils$1.call(Utils.java:26)&#13;&#10;&#9;at cucumber.runtime.Timeout.timeout(Timeout.java:16)&#13;&#10;&#9;at cucumber.runtime.Utils.invoke(Utils.java:20)&#13;&#10;&#9;at cucumber.runtime.java.JavaHookDefinition.execute(JavaHookDefinition.java:60)&#13;&#10;&#9;at cucumber.runner.HookDefinitionMatch.runStep(HookDefinitionMatch.java:16)&#13;&#10;&#9;at cucumber.runner.TestStep.executeStep(TestStep.java:63)&#13;&#10;&#9;at cucumber.runner.TestStep.run(TestStep.java:49)&#13;&#10;&#9;at cucumber.runner.TestCase.run(TestCase.java:40)&#13;&#10;&#9;at cucumber.runner.Runner.runPickle(Runner.java:40)&#13;&#10;&#9;at cucumber.runtime.junit.PickleRunners$NoStepDescriptions.run(PickleRunners.java:146)&#13;&#10;&#9;at cucumber.runtime.junit.FeatureRunner.runChild(FeatureRunner.java:68)&#13;&#10;&#9;at cucumber.runtime.junit.FeatureRunner.runChild(FeatureRunner.java:23)&#13;&#10;&#9;at org.junit.runners.ParentRunner$3.run(ParentRunner.java:290)&#13;&#10;&#9;at org.junit.runners.ParentRunner$1.schedule(ParentRunner.java:71)&#13;&#10;&#9;at org.junit.runners.ParentRunner.runChildren(ParentRunner.java:288)&#13;&#10;&#9;at org.junit.runners.ParentRunner.access$000(ParentRunner.java:58)&#13;&#10;&#9;at org.junit.runners.ParentRunner$2.evaluate(ParentRunner.java:268)&#13;&#10;&#9;at org.junit.runners.ParentRunner.run(ParentRunner.java:363)&#13;&#10;&#9;at cucumber.runtime.junit.FeatureRunner.run(FeatureRunner.java:73)&#13;&#10;&#9;at cucumber.api.junit.Cucumber.runChild(Cucumber.java:124)&#13;&#10;&#9;at cucumber.api.junit.Cucumber.runChild(Cucumber.java:65)&#13;&#10;&#9;at org.junit.runners.ParentRunner$3.run(ParentRunner.java:290)&#13;&#10;&#9;at org.junit.runners.ParentRunner$1.schedule(ParentRunner.java:71)&#13;&#10;&#9;at org.junit.runners.ParentRunner.runChildren(ParentRunner.java:288)&#13;&#10;&#9;at org.junit.runners.ParentRunner.access$000(ParentRunner.java:58)&#13;&#10;&#9;at org.junit.runners.ParentRunner$2.evaluate(ParentRunner.java:268)&#13;&#10;&#9;at cucumber.api.junit.Cucumber$1.evaluate(Cucumber.java:133)&#13;&#10;&#9;at org.junit.runners.ParentRunner.run(ParentRunner.java:363)&#13;&#10;&#9;at org.eclipse.jdt.internal.junit4.runner.JUnit4TestReference.run(JUnit4TestReference.java:93)&#13;&#10;&#9;at org.eclipse.jdt.internal.junit.runner.TestExecution.run(TestExecution.java:40)&#13;&#10;&#9;at org.eclipse.jdt.internal.junit.runner.RemoteTestRunner.runTests(RemoteTestRunner.java:529)&#13;&#10;&#9;at org.eclipse.jdt.internal.junit.runner.RemoteTestRunner.runTests(RemoteTestRunner.java:756)&#13;&#10;&#9;at org.eclipse.jdt.internal.junit.runner.RemoteTestRunner.run(RemoteTestRunner.java:452)&#13;&#10;&#9;at org.eclipse.jdt.internal.junit.runner.RemoteTestRunner.main(RemoteTestRunner.java:210)&#13;&#10;Caused by: java.lang.StringIndexOutOfBoundsException: Range [0, 3) out of bounds for length 2&#13;&#10;&#9;at java.base/jdk.internal.util.Preconditions$1.apply(Preconditions.java:55)&#13;&#10;&#9;at java.base/jdk.internal.util.Preconditions$1.apply(Preconditions.java:52)&#13;&#10;&#9;at java.base/jdk.internal.util.Preconditions$4.apply(Preconditions.java:213)&#13;&#10;&#9;at java.base/jdk.internal.util.Preconditions$4.apply(Preconditions.java:210)&#13;&#10;&#9;at java.base/jdk.internal.util.Preconditions.outOfBounds(Preconditions.java:98)&#13;&#10;&#9;at java.base/jdk.internal.util.Preconditions.outOfBoundsCheckFromToIndex(Preconditions.java:112)&#13;&#10;&#9;at java.base/jdk.internal.util.Preconditions.checkFromToIndex(Preconditions.java:349)&#13;&#10;&#9;at java.base/java.lang.String.checkBoundsBeginEnd(String.java:4602)&#13;&#10;&#9;at java.base/java.lang.String.substring(String.java:2715)&#13;&#10;&#9;at org.apache.commons.lang.SystemUtils.getJavaVersionAsFloat(SystemUtils.java:1133)&#13;&#10;&#9;at org.apache.commons.lang.SystemUtils.&lt;clinit&gt;(SystemUtils.java:818)&#13;&#10;&#9;... 43 more&#13;&#10;"><![CDATA[Given To Launch the Browser and maximize the window.........................skipped
When To launch the url of amazon application................................skipped
And To click the create new amazon account button...........................skipped
And To pass name in name text box...........................................skipped
And To pass mobile no in mobile no text box.................................skipped
And To pass email in email text box.........................................skipped
And To pass the password in password text box...............................skipped
Then To close the Chrome Browser............................................skipped

StackTrace:
java.lang.ExceptionInInitializerError
	at io.github.bonigarcia.wdm.config.Config.defaultOsName(Config.java:346)
	at io.github.bonigarcia.wdm.config.Config.<init>(Config.java:103)
	at io.github.bonigarcia.wdm.WebDriverManager.<init>(WebDriverManager.java:189)
	at io.github.bonigarcia.wdm.managers.ChromeDriverManager.<init>(ChromeDriverManager.java:47)
	at io.github.bonigarcia.wdm.WebDriverManager.chromedriver(WebDriverManager.java:204)
	at org.base.BaseClass.launchBrowser(BaseClass.java:15)
	at org.stepdefinition.HookClass.precondition2(HookClass.java:16)
	at java.base/jdk.internal.reflect.DirectMethodHandleAccessor.invoke(DirectMethodHandleAccessor.java:104)
	at java.base/java.lang.reflect.Method.invoke(Method.java:578)
	at cucumber.runtime.Utils$1.call(Utils.java:26)
	at cucumber.runtime.Timeout.timeout(Timeout.java:16)
	at cucumber.runtime.Utils.invoke(Utils.java:20)
	at cucumber.runtime.java.JavaHookDefinition.execute(JavaHookDefinition.java:60)
	at cucumber.runner.HookDefinitionMatch.runStep(HookDefinitionMatch.java:16)
	at cucumber.runner.TestStep.executeStep(TestStep.java:63)
	at cucumber.runner.TestStep.run(TestStep.java:49)
	at cucumber.runner.TestCase.run(TestCase.java:40)
	at cucumber.runner.Runner.runPickle(Runner.java:40)
	at cucumber.runtime.junit.PickleRunners$NoStepDescriptions.run(PickleRunners.java:146)
	at cucumber.runtime.junit.FeatureRunner.runChild(FeatureRunner.java:68)
	at cucumber.runtime.junit.FeatureRunner.runChild(FeatureRunner.java:23)
	at org.junit.runners.ParentRunner$3.run(ParentRunner.java:290)
	at org.junit.runners.ParentRunner$1.schedule(ParentRunner.java:71)
	at org.junit.runners.ParentRunner.runChildren(ParentRunner.java:288)
	at org.junit.runners.ParentRunner.access$000(ParentRunner.java:58)
	at org.junit.runners.ParentRunner$2.evaluate(ParentRunner.java:268)
	at org.junit.runners.ParentRunner.run(ParentRunner.java:363)
	at cucumber.runtime.junit.FeatureRunner.run(FeatureRunner.java:73)
	at cucumber.api.junit.Cucumber.runChild(Cucumber.java:124)
	at cucumber.api.junit.Cucumber.runChild(Cucumber.java:65)
	at org.junit.runners.ParentRunner$3.run(ParentRunner.java:290)
	at org.junit.runners.ParentRunner$1.schedule(ParentRunner.java:71)
	at org.junit.runners.ParentRunner.runChildren(ParentRunner.java:288)
	at org.junit.runners.ParentRunner.access$000(ParentRunner.java:58)
	at org.junit.runners.ParentRunner$2.evaluate(ParentRunner.java:268)
	at cucumber.api.junit.Cucumber$1.evaluate(Cucumber.java:133)
	at org.junit.runners.ParentRunner.run(ParentRunner.java:363)
	at org.eclipse.jdt.internal.junit4.runner.JUnit4TestReference.run(JUnit4TestReference.java:93)
	at org.eclipse.jdt.internal.junit.runner.TestExecution.run(TestExecution.java:40)
	at org.eclipse.jdt.internal.junit.runner.RemoteTestRunner.runTests(RemoteTestRunner.java:529)
	at org.eclipse.jdt.internal.junit.runner.RemoteTestRunner.runTests(RemoteTestRunner.java:756)
	at org.eclipse.jdt.internal.junit.runner.RemoteTestRunner.run(RemoteTestRunner.java:452)
	at org.eclipse.jdt.internal.junit.runner.RemoteTestRunner.main(RemoteTestRunner.java:210)
Caused by: java.lang.StringIndexOutOfBoundsException: Range [0, 3) out of bounds for length 2
	at java.base/jdk.internal.util.Preconditions$1.apply(Preconditions.java:55)
	at java.base/jdk.internal.util.Preconditions$1.apply(Preconditions.java:52)
	at java.base/jdk.internal.util.Preconditions$4.apply(Preconditions.java:213)
	at java.base/jdk.internal.util.Preconditions$4.apply(Preconditions.java:210)
	at java.base/jdk.internal.util.Preconditions.outOfBounds(Preconditions.java:98)
	at java.base/jdk.internal.util.Preconditions.outOfBoundsCheckFromToIndex(Preconditions.java:112)
	at java.base/jdk.internal.util.Preconditions.checkFromToIndex(Preconditions.java:349)
	at java.base/java.lang.String.checkBoundsBeginEnd(String.java:4602)
	at java.base/java.lang.String.substring(String.java:2715)
	at org.apache.commons.lang.SystemUtils.getJavaVersionAsFloat(SystemUtils.java:1133)
	at org.apache.commons.lang.SystemUtils.<clinit>(SystemUtils.java:818)
	... 43 more
]]></failure>
    </testcase>
</testsuite>
